W0318 14:02:17.366000 3676747 site-packages/torch/distributed/run.py:852] 
W0318 14:02:17.366000 3676747 site-packages/torch/distributed/run.py:852] *****************************************
W0318 14:02:17.366000 3676747 site-packages/torch/distributed/run.py:852] Setting OMP_NUM_THREADS environment variable for each process to be 1 in default, to avoid your system being overloaded, please further tune the variable for optimal performance in your application as needed. 
W0318 14:02:17.366000 3676747 site-packages/torch/distributed/run.py:852] *****************************************
[W318 14:02:28.257224287 socket.cpp:207] [c10d] The hostname of the client socket cannot be retrieved. err=-3
/home/sd/Megatron-DeepSpeed/megatron/core/tensor_parallel/cross_entropy.py:72: SyntaxWarning: invalid escape sequence '\s'
  """
/home/sd/Megatron-DeepSpeed/megatron/core/tensor_parallel/layers.py:249: FutureWarning: `torch.cuda.amp.custom_fwd(args...)` is deprecated. Please use `torch.amp.custom_fwd(args..., device_type='cuda')` instead.
  @custom_fwd
/home/sd/Megatron-DeepSpeed/megatron/core/tensor_parallel/layers.py:287: FutureWarning: `torch.cuda.amp.custom_bwd(args...)` is deprecated. Please use `torch.amp.custom_bwd(args..., device_type='cuda')` instead.
  @custom_bwd
Traceback (most recent call last):
  File "/home/sd/Megatron-DeepSpeed/pretrain_gpt.py", line 8, in <module>
    from megatron import get_args
  File "/home/sd/Megatron-DeepSpeed/megatron/__init__.py", line 15, in <module>
    from .initialize  import initialize_megatron
  File "/home/sd/Megatron-DeepSpeed/megatron/initialize.py", line 19, in <module>
    from megatron.core.pipeline_parallel.deepspeed_zbh1_engine import _exec_backward_only_pass, _exec_weight_pass
  File "/home/sd/Megatron-DeepSpeed/megatron/core/pipeline_parallel/__init__.py", line 1, in <module>
    from .schedules import get_forward_backward_func
  File "/home/sd/Megatron-DeepSpeed/megatron/core/pipeline_parallel/schedules.py", line 17, in <module>
    from megatron.utils import unwrap_model
  File "/home/sd/Megatron-DeepSpeed/megatron/utils.py", line 14, in <module>
    from apex.multi_tensor_apply import multi_tensor_applier
ModuleNotFoundError: No module named 'apex'
/home/sd/Megatron-DeepSpeed/megatron/core/tensor_parallel/layers.py:249: FutureWarning: `torch.cuda.amp.custom_fwd(args...)` is deprecated. Please use `torch.amp.custom_fwd(args..., device_type='cuda')` instead.
  @custom_fwd
/home/sd/Megatron-DeepSpeed/megatron/core/tensor_parallel/layers.py:287: FutureWarning: `torch.cuda.amp.custom_bwd(args...)` is deprecated. Please use `torch.amp.custom_bwd(args..., device_type='cuda')` instead.
  @custom_bwd
Traceback (most recent call last):
  File "/home/sd/Megatron-DeepSpeed/pretrain_gpt.py", line 8, in <module>
    from megatron import get_args
  File "/home/sd/Megatron-DeepSpeed/megatron/__init__.py", line 15, in <module>
    from .initialize  import initialize_megatron
  File "/home/sd/Megatron-DeepSpeed/megatron/initialize.py", line 19, in <module>
    from megatron.core.pipeline_parallel.deepspeed_zbh1_engine import _exec_backward_only_pass, _exec_weight_pass
  File "/home/sd/Megatron-DeepSpeed/megatron/core/pipeline_parallel/__init__.py", line 1, in <module>
    from .schedules import get_forward_backward_func
  File "/home/sd/Megatron-DeepSpeed/megatron/core/pipeline_parallel/schedules.py", line 17, in <module>
    from megatron.utils import unwrap_model
  File "/home/sd/Megatron-DeepSpeed/megatron/utils.py", line 14, in <module>
    from apex.multi_tensor_apply import multi_tensor_applier
ModuleNotFoundError: No module named 'apex'
/home/sd/Megatron-DeepSpeed/megatron/core/tensor_parallel/layers.py:249: FutureWarning: `torch.cuda.amp.custom_fwd(args...)` is deprecated. Please use `torch.amp.custom_fwd(args..., device_type='cuda')` instead.
  @custom_fwd
/home/sd/Megatron-DeepSpeed/megatron/core/tensor_parallel/layers.py:287: FutureWarning: `torch.cuda.amp.custom_bwd(args...)` is deprecated. Please use `torch.amp.custom_bwd(args..., device_type='cuda')` instead.
  @custom_bwd
Traceback (most recent call last):
  File "/home/sd/Megatron-DeepSpeed/pretrain_gpt.py", line 8, in <module>
    from megatron import get_args
  File "/home/sd/Megatron-DeepSpeed/megatron/__init__.py", line 15, in <module>
    from .initialize  import initialize_megatron
  File "/home/sd/Megatron-DeepSpeed/megatron/initialize.py", line 19, in <module>
    from megatron.core.pipeline_parallel.deepspeed_zbh1_engine import _exec_backward_only_pass, _exec_weight_pass
  File "/home/sd/Megatron-DeepSpeed/megatron/core/pipeline_parallel/__init__.py", line 1, in <module>
    from .schedules import get_forward_backward_func
  File "/home/sd/Megatron-DeepSpeed/megatron/core/pipeline_parallel/schedules.py", line 17, in <module>
    from megatron.utils import unwrap_model
  File "/home/sd/Megatron-DeepSpeed/megatron/utils.py", line 14, in <module>
    from apex.multi_tensor_apply import multi_tensor_applier
ModuleNotFoundError: No module named 'apex'
/home/sd/Megatron-DeepSpeed/megatron/core/tensor_parallel/layers.py:249: FutureWarning: `torch.cuda.amp.custom_fwd(args...)` is deprecated. Please use `torch.amp.custom_fwd(args..., device_type='cuda')` instead.
  @custom_fwd
/home/sd/Megatron-DeepSpeed/megatron/core/tensor_parallel/layers.py:287: FutureWarning: `torch.cuda.amp.custom_bwd(args...)` is deprecated. Please use `torch.amp.custom_bwd(args..., device_type='cuda')` instead.
  @custom_bwd
Traceback (most recent call last):
  File "/home/sd/Megatron-DeepSpeed/pretrain_gpt.py", line 8, in <module>
    from megatron import get_args
  File "/home/sd/Megatron-DeepSpeed/megatron/__init__.py", line 15, in <module>
    from .initialize  import initialize_megatron
  File "/home/sd/Megatron-DeepSpeed/megatron/initialize.py", line 19, in <module>
    from megatron.core.pipeline_parallel.deepspeed_zbh1_engine import _exec_backward_only_pass, _exec_weight_pass
  File "/home/sd/Megatron-DeepSpeed/megatron/core/pipeline_parallel/__init__.py", line 1, in <module>
    from .schedules import get_forward_backward_func
  File "/home/sd/Megatron-DeepSpeed/megatron/core/pipeline_parallel/schedules.py", line 17, in <module>
    from megatron.utils import unwrap_model
  File "/home/sd/Megatron-DeepSpeed/megatron/utils.py", line 14, in <module>
    from apex.multi_tensor_apply import multi_tensor_applier
ModuleNotFoundError: No module named 'apex'
/home/sd/Megatron-DeepSpeed/megatron/core/tensor_parallel/layers.py:249: FutureWarning: `torch.cuda.amp.custom_fwd(args...)` is deprecated. Please use `torch.amp.custom_fwd(args..., device_type='cuda')` instead.
  @custom_fwd
/home/sd/Megatron-DeepSpeed/megatron/core/tensor_parallel/layers.py:287: FutureWarning: `torch.cuda.amp.custom_bwd(args...)` is deprecated. Please use `torch.amp.custom_bwd(args..., device_type='cuda')` instead.
  @custom_bwd
Traceback (most recent call last):
  File "/home/sd/Megatron-DeepSpeed/pretrain_gpt.py", line 8, in <module>
    from megatron import get_args
  File "/home/sd/Megatron-DeepSpeed/megatron/__init__.py", line 15, in <module>
    from .initialize  import initialize_megatron
  File "/home/sd/Megatron-DeepSpeed/megatron/initialize.py", line 19, in <module>
    from megatron.core.pipeline_parallel.deepspeed_zbh1_engine import _exec_backward_only_pass, _exec_weight_pass
  File "/home/sd/Megatron-DeepSpeed/megatron/core/pipeline_parallel/__init__.py", line 1, in <module>
    from .schedules import get_forward_backward_func
  File "/home/sd/Megatron-DeepSpeed/megatron/core/pipeline_parallel/schedules.py", line 17, in <module>
    from megatron.utils import unwrap_model
  File "/home/sd/Megatron-DeepSpeed/megatron/utils.py", line 14, in <module>
    from apex.multi_tensor_apply import multi_tensor_applier
ModuleNotFoundError: No module named 'apex'
/home/sd/Megatron-DeepSpeed/megatron/core/tensor_parallel/layers.py:249: FutureWarning: `torch.cuda.amp.custom_fwd(args...)` is deprecated. Please use `torch.amp.custom_fwd(args..., device_type='cuda')` instead.
  @custom_fwd
/home/sd/Megatron-DeepSpeed/megatron/core/tensor_parallel/layers.py:287: FutureWarning: `torch.cuda.amp.custom_bwd(args...)` is deprecated. Please use `torch.amp.custom_bwd(args..., device_type='cuda')` instead.
  @custom_bwd
/home/sd/Megatron-DeepSpeed/megatron/core/tensor_parallel/layers.py:249: FutureWarning: `torch.cuda.amp.custom_fwd(args...)` is deprecated. Please use `torch.amp.custom_fwd(args..., device_type='cuda')` instead.
  @custom_fwd
/home/sd/Megatron-DeepSpeed/megatron/core/tensor_parallel/layers.py:287: FutureWarning: `torch.cuda.amp.custom_bwd(args...)` is deprecated. Please use `torch.amp.custom_bwd(args..., device_type='cuda')` instead.
  @custom_bwd
/home/sd/Megatron-DeepSpeed/megatron/core/tensor_parallel/layers.py:249: FutureWarning: `torch.cuda.amp.custom_fwd(args...)` is deprecated. Please use `torch.amp.custom_fwd(args..., device_type='cuda')` instead.
  @custom_fwd
/home/sd/Megatron-DeepSpeed/megatron/core/tensor_parallel/layers.py:287: FutureWarning: `torch.cuda.amp.custom_bwd(args...)` is deprecated. Please use `torch.amp.custom_bwd(args..., device_type='cuda')` instead.
  @custom_bwd
Traceback (most recent call last):
  File "/home/sd/Megatron-DeepSpeed/pretrain_gpt.py", line 8, in <module>
    from megatron import get_args
  File "/home/sd/Megatron-DeepSpeed/megatron/__init__.py", line 15, in <module>
    from .initialize  import initialize_megatron
  File "/home/sd/Megatron-DeepSpeed/megatron/initialize.py", line 19, in <module>
    from megatron.core.pipeline_parallel.deepspeed_zbh1_engine import _exec_backward_only_pass, _exec_weight_pass
  File "/home/sd/Megatron-DeepSpeed/megatron/core/pipeline_parallel/__init__.py", line 1, in <module>
    from .schedules import get_forward_backward_func
  File "/home/sd/Megatron-DeepSpeed/megatron/core/pipeline_parallel/schedules.py", line 17, in <module>
    from megatron.utils import unwrap_model
  File "/home/sd/Megatron-DeepSpeed/megatron/utils.py", line 14, in <module>
    from apex.multi_tensor_apply import multi_tensor_applier
ModuleNotFoundError: No module named 'apex'
Traceback (most recent call last):
  File "/home/sd/Megatron-DeepSpeed/pretrain_gpt.py", line 8, in <module>
    from megatron import get_args
  File "/home/sd/Megatron-DeepSpeed/megatron/__init__.py", line 15, in <module>
    from .initialize  import initialize_megatron
  File "/home/sd/Megatron-DeepSpeed/megatron/initialize.py", line 19, in <module>
    from megatron.core.pipeline_parallel.deepspeed_zbh1_engine import _exec_backward_only_pass, _exec_weight_pass
  File "/home/sd/Megatron-DeepSpeed/megatron/core/pipeline_parallel/__init__.py", line 1, in <module>
    from .schedules import get_forward_backward_func
Traceback (most recent call last):
  File "/home/sd/Megatron-DeepSpeed/megatron/core/pipeline_parallel/schedules.py", line 17, in <module>
  File "/home/sd/Megatron-DeepSpeed/pretrain_gpt.py", line 8, in <module>
    from megatron.utils import unwrap_model
  File "/home/sd/Megatron-DeepSpeed/megatron/utils.py", line 14, in <module>
    from apex.multi_tensor_apply import multi_tensor_applier
ModuleNotFoundError: No module named 'apex'
    from megatron import get_args
  File "/home/sd/Megatron-DeepSpeed/megatron/__init__.py", line 15, in <module>
    from .initialize  import initialize_megatron
  File "/home/sd/Megatron-DeepSpeed/megatron/initialize.py", line 19, in <module>
    from megatron.core.pipeline_parallel.deepspeed_zbh1_engine import _exec_backward_only_pass, _exec_weight_pass
  File "/home/sd/Megatron-DeepSpeed/megatron/core/pipeline_parallel/__init__.py", line 1, in <module>
    from .schedules import get_forward_backward_func
  File "/home/sd/Megatron-DeepSpeed/megatron/core/pipeline_parallel/schedules.py", line 17, in <module>
    from megatron.utils import unwrap_model
  File "/home/sd/Megatron-DeepSpeed/megatron/utils.py", line 14, in <module>
    from apex.multi_tensor_apply import multi_tensor_applier
ModuleNotFoundError: No module named 'apex'
/home/sd/Megatron-DeepSpeed/megatron/core/tensor_parallel/layers.py:249: FutureWarning: `torch.cuda.amp.custom_fwd(args...)` is deprecated. Please use `torch.amp.custom_fwd(args..., device_type='cuda')` instead.
  @custom_fwd
/home/sd/Megatron-DeepSpeed/megatron/core/tensor_parallel/layers.py:287: FutureWarning: `torch.cuda.amp.custom_bwd(args...)` is deprecated. Please use `torch.amp.custom_bwd(args..., device_type='cuda')` instead.
  @custom_bwd
Traceback (most recent call last):
  File "/home/sd/Megatron-DeepSpeed/pretrain_gpt.py", line 8, in <module>
    from megatron import get_args
  File "/home/sd/Megatron-DeepSpeed/megatron/__init__.py", line 15, in <module>
    from .initialize  import initialize_megatron
  File "/home/sd/Megatron-DeepSpeed/megatron/initialize.py", line 19, in <module>
    from megatron.core.pipeline_parallel.deepspeed_zbh1_engine import _exec_backward_only_pass, _exec_weight_pass
  File "/home/sd/Megatron-DeepSpeed/megatron/core/pipeline_parallel/__init__.py", line 1, in <module>
    from .schedules import get_forward_backward_func
  File "/home/sd/Megatron-DeepSpeed/megatron/core/pipeline_parallel/schedules.py", line 17, in <module>
    from megatron.utils import unwrap_model
  File "/home/sd/Megatron-DeepSpeed/megatron/utils.py", line 14, in <module>
    from apex.multi_tensor_apply import multi_tensor_applier
ModuleNotFoundError: No module named 'apex'
/home/sd/Megatron-DeepSpeed/megatron/core/tensor_parallel/layers.py:249: FutureWarning: `torch.cuda.amp.custom_fwd(args...)` is deprecated. Please use `torch.amp.custom_fwd(args..., device_type='cuda')` instead.
  @custom_fwd
/home/sd/Megatron-DeepSpeed/megatron/core/tensor_parallel/layers.py:287: FutureWarning: `torch.cuda.amp.custom_bwd(args...)` is deprecated. Please use `torch.amp.custom_bwd(args..., device_type='cuda')` instead.
  @custom_bwd
Traceback (most recent call last):
  File "/home/sd/Megatron-DeepSpeed/pretrain_gpt.py", line 8, in <module>
    from megatron import get_args
  File "/home/sd/Megatron-DeepSpeed/megatron/__init__.py", line 15, in <module>
    from .initialize  import initialize_megatron
  File "/home/sd/Megatron-DeepSpeed/megatron/initialize.py", line 19, in <module>
    from megatron.core.pipeline_parallel.deepspeed_zbh1_engine import _exec_backward_only_pass, _exec_weight_pass
  File "/home/sd/Megatron-DeepSpeed/megatron/core/pipeline_parallel/__init__.py", line 1, in <module>
    from .schedules import get_forward_backward_func
  File "/home/sd/Megatron-DeepSpeed/megatron/core/pipeline_parallel/schedules.py", line 17, in <module>
    from megatron.utils import unwrap_model
  File "/home/sd/Megatron-DeepSpeed/megatron/utils.py", line 14, in <module>
    from apex.multi_tensor_apply import multi_tensor_applier
ModuleNotFoundError: No module named 'apex'
/home/sd/Megatron-DeepSpeed/megatron/core/tensor_parallel/layers.py:249: FutureWarning: `torch.cuda.amp.custom_fwd(args...)` is deprecated. Please use `torch.amp.custom_fwd(args..., device_type='cuda')` instead.
  @custom_fwd
/home/sd/Megatron-DeepSpeed/megatron/core/tensor_parallel/layers.py:287: FutureWarning: `torch.cuda.amp.custom_bwd(args...)` is deprecated. Please use `torch.amp.custom_bwd(args..., device_type='cuda')` instead.
  @custom_bwd
Traceback (most recent call last):
  File "/home/sd/Megatron-DeepSpeed/pretrain_gpt.py", line 8, in <module>
    from megatron import get_args
  File "/home/sd/Megatron-DeepSpeed/megatron/__init__.py", line 15, in <module>
    from .initialize  import initialize_megatron
  File "/home/sd/Megatron-DeepSpeed/megatron/initialize.py", line 19, in <module>
    from megatron.core.pipeline_parallel.deepspeed_zbh1_engine import _exec_backward_only_pass, _exec_weight_pass
  File "/home/sd/Megatron-DeepSpeed/megatron/core/pipeline_parallel/__init__.py", line 1, in <module>
    from .schedules import get_forward_backward_func
  File "/home/sd/Megatron-DeepSpeed/megatron/core/pipeline_parallel/schedules.py", line 17, in <module>
    from megatron.utils import unwrap_model
  File "/home/sd/Megatron-DeepSpeed/megatron/utils.py", line 14, in <module>
    from apex.multi_tensor_apply import multi_tensor_applier
ModuleNotFoundError: No module named 'apex'
/home/sd/Megatron-DeepSpeed/megatron/core/tensor_parallel/layers.py:249: FutureWarning: `torch.cuda.amp.custom_fwd(args...)` is deprecated. Please use `torch.amp.custom_fwd(args..., device_type='cuda')` instead.
  @custom_fwd
/home/sd/Megatron-DeepSpeed/megatron/core/tensor_parallel/layers.py:287: FutureWarning: `torch.cuda.amp.custom_bwd(args...)` is deprecated. Please use `torch.amp.custom_bwd(args..., device_type='cuda')` instead.
  @custom_bwd
Traceback (most recent call last):
  File "/home/sd/Megatron-DeepSpeed/pretrain_gpt.py", line 8, in <module>
    from megatron import get_args
  File "/home/sd/Megatron-DeepSpeed/megatron/__init__.py", line 15, in <module>
    from .initialize  import initialize_megatron
  File "/home/sd/Megatron-DeepSpeed/megatron/initialize.py", line 19, in <module>
    from megatron.core.pipeline_parallel.deepspeed_zbh1_engine import _exec_backward_only_pass, _exec_weight_pass
  File "/home/sd/Megatron-DeepSpeed/megatron/core/pipeline_parallel/__init__.py", line 1, in <module>
    from .schedules import get_forward_backward_func
  File "/home/sd/Megatron-DeepSpeed/megatron/core/pipeline_parallel/schedules.py", line 17, in <module>
    from megatron.utils import unwrap_model
  File "/home/sd/Megatron-DeepSpeed/megatron/utils.py", line 14, in <module>
    from apex.multi_tensor_apply import multi_tensor_applier
ModuleNotFoundError: No module named 'apex'
/home/sd/Megatron-DeepSpeed/megatron/core/tensor_parallel/layers.py:249: FutureWarning: `torch.cuda.amp.custom_fwd(args...)` is deprecated. Please use `torch.amp.custom_fwd(args..., device_type='cuda')` instead.
  @custom_fwd
/home/sd/Megatron-DeepSpeed/megatron/core/tensor_parallel/layers.py:287: FutureWarning: `torch.cuda.amp.custom_bwd(args...)` is deprecated. Please use `torch.amp.custom_bwd(args..., device_type='cuda')` instead.
  @custom_bwd
Traceback (most recent call last):
  File "/home/sd/Megatron-DeepSpeed/pretrain_gpt.py", line 8, in <module>
    from megatron import get_args
  File "/home/sd/Megatron-DeepSpeed/megatron/__init__.py", line 15, in <module>
    from .initialize  import initialize_megatron
  File "/home/sd/Megatron-DeepSpeed/megatron/initialize.py", line 19, in <module>
    from megatron.core.pipeline_parallel.deepspeed_zbh1_engine import _exec_backward_only_pass, _exec_weight_pass
  File "/home/sd/Megatron-DeepSpeed/megatron/core/pipeline_parallel/__init__.py", line 1, in <module>
    from .schedules import get_forward_backward_func
  File "/home/sd/Megatron-DeepSpeed/megatron/core/pipeline_parallel/schedules.py", line 17, in <module>
    from megatron.utils import unwrap_model
  File "/home/sd/Megatron-DeepSpeed/megatron/utils.py", line 14, in <module>
    from apex.multi_tensor_apply import multi_tensor_applier
ModuleNotFoundError: No module named 'apex'
/home/sd/Megatron-DeepSpeed/megatron/core/tensor_parallel/layers.py:249: FutureWarning: `torch.cuda.amp.custom_fwd(args...)` is deprecated. Please use `torch.amp.custom_fwd(args..., device_type='cuda')` instead.
  @custom_fwd
/home/sd/Megatron-DeepSpeed/megatron/core/tensor_parallel/layers.py:287: FutureWarning: `torch.cuda.amp.custom_bwd(args...)` is deprecated. Please use `torch.amp.custom_bwd(args..., device_type='cuda')` instead.
  @custom_bwd
Traceback (most recent call last):
  File "/home/sd/Megatron-DeepSpeed/pretrain_gpt.py", line 8, in <module>
    from megatron import get_args
  File "/home/sd/Megatron-DeepSpeed/megatron/__init__.py", line 15, in <module>
    from .initialize  import initialize_megatron
  File "/home/sd/Megatron-DeepSpeed/megatron/initialize.py", line 19, in <module>
    from megatron.core.pipeline_parallel.deepspeed_zbh1_engine import _exec_backward_only_pass, _exec_weight_pass
  File "/home/sd/Megatron-DeepSpeed/megatron/core/pipeline_parallel/__init__.py", line 1, in <module>
    from .schedules import get_forward_backward_func
  File "/home/sd/Megatron-DeepSpeed/megatron/core/pipeline_parallel/schedules.py", line 17, in <module>
    from megatron.utils import unwrap_model
  File "/home/sd/Megatron-DeepSpeed/megatron/utils.py", line 14, in <module>
    from apex.multi_tensor_apply import multi_tensor_applier
ModuleNotFoundError: No module named 'apex'
/home/sd/Megatron-DeepSpeed/megatron/core/tensor_parallel/layers.py:249: FutureWarning: `torch.cuda.amp.custom_fwd(args...)` is deprecated. Please use `torch.amp.custom_fwd(args..., device_type='cuda')` instead.
  @custom_fwd
/home/sd/Megatron-DeepSpeed/megatron/core/tensor_parallel/layers.py:287: FutureWarning: `torch.cuda.amp.custom_bwd(args...)` is deprecated. Please use `torch.amp.custom_bwd(args..., device_type='cuda')` instead.
  @custom_bwd
Traceback (most recent call last):
  File "/home/sd/Megatron-DeepSpeed/pretrain_gpt.py", line 8, in <module>
    from megatron import get_args
  File "/home/sd/Megatron-DeepSpeed/megatron/__init__.py", line 15, in <module>
    from .initialize  import initialize_megatron
  File "/home/sd/Megatron-DeepSpeed/megatron/initialize.py", line 19, in <module>
    from megatron.core.pipeline_parallel.deepspeed_zbh1_engine import _exec_backward_only_pass, _exec_weight_pass
  File "/home/sd/Megatron-DeepSpeed/megatron/core/pipeline_parallel/__init__.py", line 1, in <module>
    from .schedules import get_forward_backward_func
  File "/home/sd/Megatron-DeepSpeed/megatron/core/pipeline_parallel/schedules.py", line 17, in <module>
    from megatron.utils import unwrap_model
  File "/home/sd/Megatron-DeepSpeed/megatron/utils.py", line 14, in <module>
    from apex.multi_tensor_apply import multi_tensor_applier
ModuleNotFoundError: No module named 'apex'
/home/sd/Megatron-DeepSpeed/megatron/core/tensor_parallel/layers.py:249: FutureWarning: `torch.cuda.amp.custom_fwd(args...)` is deprecated. Please use `torch.amp.custom_fwd(args..., device_type='cuda')` instead.
  @custom_fwd
/home/sd/Megatron-DeepSpeed/megatron/core/tensor_parallel/layers.py:287: FutureWarning: `torch.cuda.amp.custom_bwd(args...)` is deprecated. Please use `torch.amp.custom_bwd(args..., device_type='cuda')` instead.
  @custom_bwd
Traceback (most recent call last):
  File "/home/sd/Megatron-DeepSpeed/pretrain_gpt.py", line 8, in <module>
    from megatron import get_args
  File "/home/sd/Megatron-DeepSpeed/megatron/__init__.py", line 15, in <module>
    from .initialize  import initialize_megatron
  File "/home/sd/Megatron-DeepSpeed/megatron/initialize.py", line 19, in <module>
    from megatron.core.pipeline_parallel.deepspeed_zbh1_engine import _exec_backward_only_pass, _exec_weight_pass
  File "/home/sd/Megatron-DeepSpeed/megatron/core/pipeline_parallel/__init__.py", line 1, in <module>
    from .schedules import get_forward_backward_func
  File "/home/sd/Megatron-DeepSpeed/megatron/core/pipeline_parallel/schedules.py", line 17, in <module>
    from megatron.utils import unwrap_model
  File "/home/sd/Megatron-DeepSpeed/megatron/utils.py", line 14, in <module>
    from apex.multi_tensor_apply import multi_tensor_applier
ModuleNotFoundError: No module named 'apex'
W0318 14:02:51.036000 3676747 site-packages/torch/distributed/elastic/multiprocessing/api.py:1010] Sending process 3677233 closing signal SIGTERM
W0318 14:02:51.038000 3676747 site-packages/torch/distributed/elastic/multiprocessing/api.py:1010] Sending process 3677235 closing signal SIGTERM
W0318 14:02:51.039000 3676747 site-packages/torch/distributed/elastic/multiprocessing/api.py:1010] Sending process 3677236 closing signal SIGTERM
W0318 14:02:51.039000 3676747 site-packages/torch/distributed/elastic/multiprocessing/api.py:1010] Sending process 3677237 closing signal SIGTERM
W0318 14:02:51.040000 3676747 site-packages/torch/distributed/elastic/multiprocessing/api.py:1010] Sending process 3677238 closing signal SIGTERM
W0318 14:02:51.041000 3676747 site-packages/torch/distributed/elastic/multiprocessing/api.py:1010] Sending process 3677239 closing signal SIGTERM
W0318 14:02:51.042000 3676747 site-packages/torch/distributed/elastic/multiprocessing/api.py:1010] Sending process 3677240 closing signal SIGTERM
W0318 14:02:51.043000 3676747 site-packages/torch/distributed/elastic/multiprocessing/api.py:1010] Sending process 3677241 closing signal SIGTERM
W0318 14:02:51.044000 3676747 site-packages/torch/distributed/elastic/multiprocessing/api.py:1010] Sending process 3677242 closing signal SIGTERM
W0318 14:02:51.045000 3676747 site-packages/torch/distributed/elastic/multiprocessing/api.py:1010] Sending process 3677243 closing signal SIGTERM
W0318 14:02:51.045000 3676747 site-packages/torch/distributed/elastic/multiprocessing/api.py:1010] Sending process 3677244 closing signal SIGTERM
W0318 14:02:51.046000 3676747 site-packages/torch/distributed/elastic/multiprocessing/api.py:1010] Sending process 3677245 closing signal SIGTERM
W0318 14:02:51.047000 3676747 site-packages/torch/distributed/elastic/multiprocessing/api.py:1010] Sending process 3677246 closing signal SIGTERM
W0318 14:02:51.048000 3676747 site-packages/torch/distributed/elastic/multiprocessing/api.py:1010] Sending process 3677247 closing signal SIGTERM
W0318 14:02:51.049000 3676747 site-packages/torch/distributed/elastic/multiprocessing/api.py:1010] Sending process 3677248 closing signal SIGTERM
E0318 14:02:51.365000 3676747 site-packages/torch/distributed/elastic/multiprocessing/api.py:984] failed (exitcode: 1) local_rank: 1 (pid: 3677234) of binary: /home/sd/miniconda3/envs/tp4bit/bin/python3.12
Traceback (most recent call last):
  File "/home/sd/miniconda3/envs/tp4bit/bin/torchrun", line 7, in <module>
    sys.exit(main())
             ^^^^^^
  File "/home/sd/miniconda3/envs/tp4bit/lib/python3.12/site-packages/torch/distributed/elastic/multiprocessing/errors/__init__.py", line 362, in wrapper
    return f(*args, **kwargs)
           ^^^^^^^^^^^^^^^^^^
  File "/home/sd/miniconda3/envs/tp4bit/lib/python3.12/site-packages/torch/distributed/run.py", line 991, in main
    run(args)
  File "/home/sd/miniconda3/envs/tp4bit/lib/python3.12/site-packages/torch/distributed/run.py", line 982, in run
    elastic_launch(
  File "/home/sd/miniconda3/envs/tp4bit/lib/python3.12/site-packages/torch/distributed/launcher/api.py", line 170, in __call__
    return launch_agent(self._config, self._entrypoint, list(args))
           ^^^^^^^^^^^^^^^^^^^^^^^^^^^^^^^^^^^^^^^^^^^^^^^^^^^^^^^^
  File "/home/sd/miniconda3/envs/tp4bit/lib/python3.12/site-packages/torch/distributed/launcher/api.py", line 317, in launch_agent
    raise ChildFailedError(
torch.distributed.elastic.multiprocessing.errors.ChildFailedError: 
============================================================
pretrain_gpt.py FAILED
------------------------------------------------------------
Failures:
[1]:
  time      : 2026-03-18_14:02:51
  host      : dgx2-1
  rank      : 0 (local_rank: 0)
  exitcode  : -15 (pid: 3677233)
  error_file: <N/A>
  traceback : Signal 15 (SIGTERM) received by PID 3677233
[2]:
  time      : 2026-03-18_14:02:51
  host      : dgx2-1
  rank      : 2 (local_rank: 2)
  exitcode  : -15 (pid: 3677235)
  error_file: <N/A>
  traceback : Signal 15 (SIGTERM) received by PID 3677235
[3]:
  time      : 2026-03-18_14:02:51
  host      : dgx2-1
  rank      : 3 (local_rank: 3)
  exitcode  : -15 (pid: 3677236)
  error_file: <N/A>
  traceback : Signal 15 (SIGTERM) received by PID 3677236
[4]:
  time      : 2026-03-18_14:02:51
  host      : dgx2-1
  rank      : 4 (local_rank: 4)
  exitcode  : -15 (pid: 3677237)
  error_file: <N/A>
  traceback : Signal 15 (SIGTERM) received by PID 3677237
[5]:
  time      : 2026-03-18_14:02:51
  host      : dgx2-1
  rank      : 5 (local_rank: 5)
  exitcode  : -15 (pid: 3677238)
  error_file: <N/A>
  traceback : Signal 15 (SIGTERM) received by PID 3677238
[6]:
  time      : 2026-03-18_14:02:51
  host      : dgx2-1
  rank      : 6 (local_rank: 6)
  exitcode  : -15 (pid: 3677239)
  error_file: <N/A>
  traceback : Signal 15 (SIGTERM) received by PID 3677239
[7]:
  time      : 2026-03-18_14:02:51
  host      : dgx2-1
  rank      : 7 (local_rank: 7)
  exitcode  : -15 (pid: 3677240)
  error_file: <N/A>
  traceback : Signal 15 (SIGTERM) received by PID 3677240
[8]:
  time      : 2026-03-18_14:02:51
  host      : dgx2-1
  rank      : 8 (local_rank: 8)
  exitcode  : -15 (pid: 3677241)
  error_file: <N/A>
  traceback : Signal 15 (SIGTERM) received by PID 3677241
[9]:
  time      : 2026-03-18_14:02:51
  host      : dgx2-1
  rank      : 9 (local_rank: 9)
  exitcode  : -15 (pid: 3677242)
  error_file: <N/A>
  traceback : Signal 15 (SIGTERM) received by PID 3677242
[10]:
  time      : 2026-03-18_14:02:51
  host      : dgx2-1
  rank      : 10 (local_rank: 10)
  exitcode  : -15 (pid: 3677243)
  error_file: <N/A>
  traceback : Signal 15 (SIGTERM) received by PID 3677243
[11]:
  time      : 2026-03-18_14:02:51
  host      : dgx2-1
  rank      : 11 (local_rank: 11)
  exitcode  : -15 (pid: 3677244)
  error_file: <N/A>
  traceback : Signal 15 (SIGTERM) received by PID 3677244
[12]:
  time      : 2026-03-18_14:02:51
  host      : dgx2-1
  rank      : 12 (local_rank: 12)
  exitcode  : -15 (pid: 3677245)
  error_file: <N/A>
  traceback : Signal 15 (SIGTERM) received by PID 3677245
[13]:
  time      : 2026-03-18_14:02:51
  host      : dgx2-1
  rank      : 13 (local_rank: 13)
  exitcode  : -15 (pid: 3677246)
  error_file: <N/A>
  traceback : Signal 15 (SIGTERM) received by PID 3677246
[14]:
  time      : 2026-03-18_14:02:51
  host      : dgx2-1
  rank      : 14 (local_rank: 14)
  exitcode  : -15 (pid: 3677247)
  error_file: <N/A>
  traceback : Signal 15 (SIGTERM) received by PID 3677247
[15]:
  time      : 2026-03-18_14:02:51
  host      : dgx2-1
  rank      : 15 (local_rank: 15)
  exitcode  : -15 (pid: 3677248)
  error_file: <N/A>
  traceback : Signal 15 (SIGTERM) received by PID 3677248
------------------------------------------------------------
Root Cause (first observed failure):
[0]:
  time      : 2026-03-18_14:02:51
  host      : dgx2-1
  rank      : 1 (local_rank: 1)
  exitcode  : 1 (pid: 3677234)
  error_file: <N/A>
  traceback : To enable traceback see: https://pytorch.org/docs/stable/elastic/errors.html
============================================================
